<?xml version="1.0" encoding="UTF-8"?>
<testsuite xmlns:xsi="http://www.w3.org/2001/XMLSchema-instance" xsi:noNamespaceSchemaLocation="https://maven.apache.org/surefire/maven-surefire-plugin/xsd/surefire-test-report-3.0.xsd" version="3.0" name="com.game.ControllerTests" time="5.999" tests="7" errors="0" skipped="0" failures="0">
  <properties>
[...]
</properties>
  <testcase name="testFaction" classname="com.game.ControllerTests" time="0.567">
    <system-out><![CDATA[12:38:27.308 [main] INFO org.springframework.test.context.support.AnnotationConfigContextLoaderUtils -- Could not detect default configuration classes for test class [com.game.ControllerTests]: ControllerTests does not declare any static, non-private, non-final, nested classes annotated with @Configuration.
12:38:27.401 [main] INFO org.springframework.boot.test.context.SpringBootTestContextBootstrapper -- Found @SpringBootConfiguration com.game.FengshenApplication for test class com.game.ControllerTests

  .   ____          _            __ _ _
 /\\ / ___'_ __ _ _(_)_ __  __ _ \ \ \ \
( ( )\___ | '_ | '_| | '_ \/ _` | \ \ \ \
 \\/  ___)| |_)| | | | | || (_| |  ) ) ) )
  '  |____| .__|_| |_|_| |_\__, | / / / /
 =========|_|==============|___/=/_/_/_/
 :: Spring Boot ::                (v3.2.0)

2026-03-16T12:38:27.818+08:00  INFO 646370 --- [fengshen-game] [           main] com.game.ControllerTests                 : Starting ControllerTests using Java 17.0.18 with PID 646370 (started by root in /root/.openclaw/workspace/fengshen-game)
2026-03-16T12:38:27.820+08:00  INFO 646370 --- [fengshen-game] [           main] com.game.ControllerTests                 : No active profile set, falling back to 1 default profile: "default"
2026-03-16T12:38:28.619+08:00  INFO 646370 --- [fengshen-game] [           main] .s.d.r.c.RepositoryConfigurationDelegate : Bootstrapping Spring Data JPA repositories in DEFAULT mode.
2026-03-16T12:38:28.723+08:00  INFO 646370 --- [fengshen-game] [           main] .s.d.r.c.RepositoryConfigurationDelegate : Finished Spring Data repository scanning in 96 ms. Found 22 JPA repository interfaces.
2026-03-16T12:38:29.219+08:00  INFO 646370 --- [fengshen-game] [           main] o.hibernate.jpa.internal.util.LogHelper  : HHH000204: Processing PersistenceUnitInfo [name: default]
2026-03-16T12:38:29.256+08:00  INFO 646370 --- [fengshen-game] [           main] org.hibernate.Version                    : HHH000412: Hibernate ORM core version 6.3.1.Final
2026-03-16T12:38:29.282+08:00  INFO 646370 --- [fengshen-game] [           main] o.h.c.internal.RegionFactoryInitiator    : HHH000026: Second-level cache disabled
2026-03-16T12:38:29.457+08:00  INFO 646370 --- [fengshen-game] [           main] o.s.o.j.p.SpringPersistenceUnitInfo      : No LoadTimeWeaver setup: ignoring JPA class transformer
2026-03-16T12:38:29.477+08:00  INFO 646370 --- [fengshen-game] [           main] com.zaxxer.hikari.HikariDataSource       : HikariPool-1 - Starting...
2026-03-16T12:38:29.612+08:00  INFO 646370 --- [fengshen-game] [           main] com.zaxxer.hikari.pool.HikariPool        : HikariPool-1 - Added connection conn0: url=jdbc:h2:mem:fengshen user=SA
2026-03-16T12:38:29.613+08:00  INFO 646370 --- [fengshen-game] [           main] com.zaxxer.hikari.HikariDataSource       : HikariPool-1 - Start completed.
2026-03-16T12:38:29.632+08:00  WARN 646370 --- [fengshen-game] [           main] org.hibernate.orm.deprecation            : HHH90000025: H2Dialect does not need to be specified explicitly using 'hibernate.dialect' (remove the property setting and it will be selected by default)
2026-03-16T12:38:30.739+08:00  INFO 646370 --- [fengshen-game] [           main] o.h.e.t.j.p.i.JtaPlatformInitiator       : HHH000489: No JTA platform available (set 'hibernate.transaction.jta.platform' to enable JTA platform integration)
Hibernate: 
    drop table if exists t_alliance cascade 
Hibernate: 
    drop table if exists t_alliance_diplomacy cascade 
Hibernate: 
    drop table if exists t_alliance_member cascade 
Hibernate: 
    drop table if exists t_battle_log cascade 
Hibernate: 
    drop table if exists t_building cascade 
Hibernate: 
    drop table if exists t_city cascade 
Hibernate: 
    drop table if exists t_city_war cascade 
Hibernate: 
    drop table if exists t_cultivation cascade 
Hibernate: 
    drop table if exists t_equipment cascade 
Hibernate: 
    drop table if exists t_gacha_record cascade 
Hibernate: 
    drop table if exists t_map_zone cascade 
Hibernate: 
    drop table if exists t_material cascade 
Hibernate: 
    drop table if exists t_mount cascade 
Hibernate: 
    drop table if exists t_partner cascade 
Hibernate: 
    drop table if exists t_player cascade 
Hibernate: 
    drop table if exists t_player_map cascade 
Hibernate: 
    drop table if exists t_resource cascade 
Hibernate: 
    drop table if exists t_season cascade 
Hibernate: 
    drop table if exists t_skill cascade 
Hibernate: 
    drop table if exists t_team cascade 
Hibernate: 
    drop table if exists t_treasure cascade 
Hibernate: 
    drop table if exists t_user cascade 
Hibernate: 
    drop table if exists t_war_credit cascade 
Hibernate: 
    create table t_alliance (
        level integer,
        member_count integer,
        create_time bigint,
        id bigint generated by default as identity,
        leader_id bigint,
        icon varchar(255),
        name varchar(255),
        primary key (id)
    )
Hibernate: 
    create table t_alliance_diplomacy (
        alliance_id1 bigint,
        alliance_id2 bigint,
        id bigint generated by default as identity,
        update_time bigint,
        status varchar(255),
        primary key (id)
    )
Hibernate: 
    create table t_alliance_member (
        alliance_id bigint,
        id bigint generated by default as identity,
        join_time bigint,
        player_id bigint,
        role varchar(255),
        primary key (id)
    )
Hibernate: 
    create table t_battle_log (
        attack_loss integer,
        attack_power integer,
        defend_loss integer,
        defend_power integer,
        battle_time bigint,
        city_id bigint,
        enemy_id bigint,
        id bigint generated by default as identity,
        player_id bigint,
        battle_type varchar(255),
        log varchar(255),
        result varchar(255),
        primary key (id)
    )
Hibernate: 
    create table t_building (
        level integer,
        city_id bigint,
        id bigint generated by default as identity,
        player_id bigint,
        update_time bigint,
        type varchar(255),
        primary key (id)
    )
Hibernate: 
    create table t_city (
        barracks_level integer,
        gold_output integer,
        level integer,
        lingqi_output integer,
        market_level integer,
        morale integer,
        palace_level integer,
        warehouse_level integer,
        id bigint generated by default as identity,
        player_id bigint,
        name varchar(255),
        primary key (id)
    )
Hibernate: 
    create table t_city_war (
        attacker_power integer,
        defender_power integer,
        reward_exp integer,
        reward_gold integer,
        attacker_id bigint,
        city_id bigint,
        defender_id bigint,
        id bigint generated by default as identity,
        war_time bigint,
        attacker_team varchar(255),
        defender_team varchar(255),
        result varchar(255),
        primary key (id)
    )
Hibernate: 
    create table t_cultivation (
        exp integer,
        level integer,
        id bigint generated by default as identity,
        last_update bigint,
        player_id bigint,
        total_time bigint,
        type varchar(255),
        primary key (id)
    )
Hibernate: 
    create table t_equipment (
        level integer,
        quality integer,
        id bigint generated by default as identity,
        player_id bigint,
        name varchar(255),
        special varchar(255),
        type varchar(255),
        primary key (id)
    )
Hibernate: 
    create table t_gacha_record (
        is_guarantee boolean,
        partner_id integer,
        gacha_time timestamp(6),
        id bigint generated by default as identity,
        player_id bigint,
        gacha_type varchar(255),
        partner_name varchar(255),
        quality varchar(255),
        primary key (id)
    )
Hibernate: 
    create table t_map_zone (
        gold_output integer,
        level_req integer,
        lingqi_output integer,
        x integer,
        y integer,
        zone_id integer,
        id bigint generated by default as identity,
        name varchar(255),
        relic_type varchar(255),
        type varchar(255),
        primary key (id)
    )
Hibernate: 
    create table t_material (
        count integer,
        star integer,
        id bigint generated by default as identity,
        player_id bigint,
        icon varchar(255),
        name varchar(255),
        type varchar(255),
        primary key (id)
    )
Hibernate: 
    create table t_mount (
        atk integer,
        def integer,
        equipped boolean,
        hp integer,
        mount_id integer,
        speed integer,
        star integer,
        id bigint generated by default as identity,
        player_id bigint,
        icon varchar(255),
        name varchar(255),
        quality varchar(255),
        skill varchar(255),
        primary key (id)
    )
Hibernate: 
    create table t_partner (
        atk integer,
        exp integer,
        growth_atk integer,
        growth_int integer,
        growth_lead integer,
        growth_speed integer,
        intelligence integer,
        lead integer,
        level integer,
        max_level integer,
        max_troops integer,
        partner_id integer,
        selected boolean,
        speed integer,
        star integer,
        star_exp integer,
        id bigint generated by default as identity,
        player_id bigint,
        faction varchar(255),
        icon varchar(255),
        name varchar(255),
        quality varchar(255),
        skill1 varchar(255),
        skill2 varchar(255),
        type varchar(255),
        primary key (id)
    )
Hibernate: 
    create table t_player (
        battle_count integer,
        chapter_id integer,
        exp integer,
        gacha_count integer,
        gold integer,
        level integer,
        lingqi integer,
        signin_days integer,
        zhanli integer,
        id bigint generated by default as identity,
        name varchar(255) not null,
        signin_last_date varchar(255),
        primary key (id)
    )
Hibernate: 
    create table t_player_map (
        x integer,
        y integer,
        zone_id integer,
        enter_time bigint,
        id bigint generated by default as identity,
        player_id bigint,
        zone_type varchar(255),
        primary key (id)
    )
Hibernate: 
    create table t_resource (
        food integer,
        gold integer,
        iron integer,
        wood integer,
        city_id bigint,
        id bigint generated by default as identity,
        player_id bigint,
        update_time bigint,
        primary key (id)
    )
Hibernate: 
    create table t_season (
        season_num integer,
        end_time bigint,
        id bigint generated by default as identity,
        start_time bigint,
        status varchar(255),
        primary key (id)
    )
Hibernate: 
    create table t_skill (
        cooldown integer,
        cost integer,
        effect_value integer,
        skill_id integer,
        id bigint generated by default as identity,
        description varchar(255),
        effect_type varchar(255),
        icon varchar(255),
        name varchar(255),
        target_type varchar(255),
        type varchar(255),
        primary key (id)
    )
Hibernate: 
    create table t_team (
        team_index integer,
        city_id bigint,
        create_time bigint,
        id bigint generated by default as identity,
        partner1id bigint,
        partner2id bigint,
        partner3id bigint,
        player_id bigint,
        update_time bigint,
        name varchar(255),
        primary key (id)
    )
Hibernate: 
    create table t_treasure (
        treasure_id integer,
        id bigint generated by default as identity,
        player_id bigint,
        bonus varchar(255),
        icon varchar(255),
        name varchar(255),
        primary key (id)
    )
Hibernate: 
    create table t_user (
        create_time timestamp(6),
        id bigint generated by default as identity,
        password varchar(255) not null,
        username varchar(255) not null unique,
        primary key (id)
    )
Hibernate: 
    create table t_war_credit (
        battles integer,
        credit integer,
        kills integer,
        alliance_id bigint,
        id bigint generated by default as identity,
        player_id bigint,
        season_id bigint,
        update_time bigint,
        primary key (id)
    )
2026-03-16T12:38:30.814+08:00  INFO 646370 --- [fengshen-game] [           main] j.LocalContainerEntityManagerFactoryBean : Initialized JPA EntityManagerFactory for persistence unit 'default'
2026-03-16T12:38:32.057+08:00  WARN 646370 --- [fengshen-game] [           main] JpaBaseConfiguration$JpaWebConfiguration : spring.jpa.open-in-view is enabled by default. Therefore, database queries may be performed during view rendering. Explicitly configure spring.jpa.open-in-view to disable this warning
2026-03-16T12:38:32.076+08:00  INFO 646370 --- [fengshen-game] [           main] o.s.b.a.w.s.WelcomePageHandlerMapping    : Adding welcome page: class path resource [static/index.html]
2026-03-16T12:38:32.493+08:00  INFO 646370 --- [fengshen-game] [           main] o.s.b.a.h2.H2ConsoleAutoConfiguration    : H2 console available at '/h2-console'. Database available at 'jdbc:h2:mem:fengshen'
2026-03-16T12:38:32.536+08:00  INFO 646370 --- [fengshen-game] [           main] com.game.ControllerTests                 : Started ControllerTests in 5.014 seconds (process running for 5.871)
✓ 阵营加成测试
]]></system-out>
  </testcase>
  <testcase name="testWar" classname="com.game.ControllerTests" time="0.005">
    <system-out><![CDATA[✓ 城战测试
]]></system-out>
  </testcase>
  <testcase name="testGacha" classname="com.game.ControllerTests" time="0.004">
    <system-out><![CDATA[✓ 抽卡测试
]]></system-out>
  </testcase>
  <testcase name="testCity" classname="com.game.ControllerTests" time="0.004">
    <system-out><![CDATA[✓ 城池测试
]]></system-out>
  </testcase>
  <testcase name="testFate" classname="com.game.ControllerTests" time="0.004">
    <system-out><![CDATA[✓ 缘分系统测试
]]></system-out>
  </testcase>
  <testcase name="testTeam" classname="com.game.ControllerTests" time="0.004">
    <system-out><![CDATA[✓ 队伍设置测试
]]></system-out>
  </testcase>
  <testcase name="testPlayerCreate" classname="com.game.ControllerTests" time="0.004">
    <system-out><![CDATA[✓ 玩家创建测试
]]></system-out>
  </testcase>
</testsuite>